<?xml version="1.0" encoding="UTF-8"?>
<!-- Generated by org.testng.reporters.JUnitXMLReporter -->
<testsuite hostname="vendskp52" name="Test" tests="2" failures="2" timestamp="14 Oct 2015 07:42:15 GMT" time="49.823" errors="0">
  <testcase name="verifyBlogTitle" time="23.413" classname="extentreports.extentreports.test1_VerifyTitle">
    <failure type="java.lang.AssertionError" message="expected [true] but found [false]">
      <![CDATA[java.lang.AssertionError: expected [true] but found [false]
	at extentreports.extentreports.test1_VerifyTitle.verifyBlogTitle(test1_VerifyTitle.java:40)
... Removed 28 stack frames]]>
    </failure>
  </testcase> <!-- verifyBlogTitle -->
  <testcase name="verifyBlogTitle" time="24.886" classname="extentreports.extentreports.test2_VerifyTitle">
    <failure type="java.lang.AssertionError" message="expected [true] but found [false]">
      <![CDATA[java.lang.AssertionError: expected [true] but found [false]
	at extentreports.extentreports.test2_VerifyTitle.verifyBlogTitle(test2_VerifyTitle.java:42)
... Removed 28 stack frames]]>
    </failure>
  </testcase> <!-- verifyBlogTitle -->
</testsuite> <!-- Test -->
